This is pdfTeX, Version 3.14159265-2.6-1.40.21 (TeX Live 2020) (preloaded format=pdflatex 2021.2.19)  21 FEB 2021 13:21
entering extended mode
 restricted \write18 enabled.
 %&-line parsing enabled.
**covid-restaurants-rct.tex
(./covid-restaurants-rct.tex
LaTeX2e <2020-10-01> patch level 4
L3 programming layer <2021-02-18> (/Users/jeremyjchu/Library/TinyTeX/texmf-dist
/tex/latex/base/article.cls
Document Class: article 2020/04/10 v1.4m Standard LaTeX document class
(/Users/jeremyjchu/Library/TinyTeX/texmf-dist/tex/latex/base/size11.clo
File: size11.clo 2020/04/10 v1.4m Standard LaTeX file (size option)
)
\c@part=\count179
\c@section=\count180
\c@subsection=\count181
\c@subsubsection=\count182
\c@paragraph=\count183
\c@subparagraph=\count184
\c@figure=\count185
\c@table=\count186
\abovecaptionskip=\skip47
\belowcaptionskip=\skip48
\bibindent=\dimen138
) (/Users/jeremyjchu/Library/TinyTeX/texmf-dist/tex/latex/lm/lmodern.sty
Package: lmodern 2009/10/30 v1.6 Latin Modern Fonts
LaTeX Font Info:    Overwriting symbol font `operators' in version `normal'
(Font)                  OT1/cmr/m/n --> OT1/lmr/m/n on input line 22.
LaTeX Font Info:    Overwriting symbol font `letters' in version `normal'
(Font)                  OML/cmm/m/it --> OML/lmm/m/it on input line 23.
LaTeX Font Info:    Overwriting symbol font `symbols' in version `normal'
(Font)                  OMS/cmsy/m/n --> OMS/lmsy/m/n on input line 24.
LaTeX Font Info:    Overwriting symbol font `largesymbols' in version `normal'
(Font)                  OMX/cmex/m/n --> OMX/lmex/m/n on input line 25.
LaTeX Font Info:    Overwriting symbol font `operators' in version `bold'
(Font)                  OT1/cmr/bx/n --> OT1/lmr/bx/n on input line 26.
LaTeX Font Info:    Overwriting symbol font `letters' in version `bold'
(Font)                  OML/cmm/b/it --> OML/lmm/b/it on input line 27.
LaTeX Font Info:    Overwriting symbol font `symbols' in version `bold'
(Font)                  OMS/cmsy/b/n --> OMS/lmsy/b/n on input line 28.
LaTeX Font Info:    Overwriting symbol font `largesymbols' in version `bold'
(Font)                  OMX/cmex/m/n --> OMX/lmex/m/n on input line 29.
LaTeX Font Info:    Overwriting math alphabet `\mathbf' in version `normal'
(Font)                  OT1/cmr/bx/n --> OT1/lmr/bx/n on input line 31.
LaTeX Font Info:    Overwriting math alphabet `\mathsf' in version `normal'
(Font)                  OT1/cmss/m/n --> OT1/lmss/m/n on input line 32.
LaTeX Font Info:    Overwriting math alphabet `\mathit' in version `normal'
(Font)                  OT1/cmr/m/it --> OT1/lmr/m/it on input line 33.
LaTeX Font Info:    Overwriting math alphabet `\mathtt' in version `normal'
(Font)                  OT1/cmtt/m/n --> OT1/lmtt/m/n on input line 34.
LaTeX Font Info:    Overwriting math alphabet `\mathbf' in version `bold'
(Font)                  OT1/cmr/bx/n --> OT1/lmr/bx/n on input line 35.
LaTeX Font Info:    Overwriting math alphabet `\mathsf' in version `bold'
(Font)                  OT1/cmss/bx/n --> OT1/lmss/bx/n on input line 36.
LaTeX Font Info:    Overwriting math alphabet `\mathit' in version `bold'
(Font)                  OT1/cmr/bx/it --> OT1/lmr/bx/it on input line 37.
LaTeX Font Info:    Overwriting math alphabet `\mathtt' in version `bold'
(Font)                  OT1/cmtt/m/n --> OT1/lmtt/m/n on input line 38.
) (/Users/jeremyjchu/Library/TinyTeX/texmf-dist/tex/latex/amsfonts/amssymb.sty
Package: amssymb 2013/01/14 v3.01 AMS font symbols
(/Users/jeremyjchu/Library/TinyTeX/texmf-dist/tex/latex/amsfonts/amsfonts.sty
Package: amsfonts 2013/01/14 v3.01 Basic AMSFonts support
\@emptytoks=\toks15
\symAMSa=\mathgroup4
\symAMSb=\mathgroup5
LaTeX Font Info:    Redeclaring math symbol \hbar on input line 98.
LaTeX Font Info:    Overwriting math alphabet `\mathfrak' in version `bold'
(Font)                  U/euf/m/n --> U/euf/b/n on input line 106.
)) (/Users/jeremyjchu/Library/TinyTeX/texmf-dist/tex/latex/amsmath/amsmath.sty
Package: amsmath 2020/09/23 v2.17i AMS math features
\@mathmargin=\skip49
For additional information on amsmath, use the `?' option.
(/Users/jeremyjchu/Library/TinyTeX/texmf-dist/tex/latex/amsmath/amstext.sty
Package: amstext 2000/06/29 v2.01 AMS text
(/Users/jeremyjchu/Library/TinyTeX/texmf-dist/tex/latex/amsmath/amsgen.sty
File: amsgen.sty 1999/11/30 v2.0 generic functions
\@emptytoks=\toks16
\ex@=\dimen139
)) (/Users/jeremyjchu/Library/TinyTeX/texmf-dist/tex/latex/amsmath/amsbsy.sty
Package: amsbsy 1999/11/29 v1.2d Bold Symbols
\pmbraise@=\dimen140
) (/Users/jeremyjchu/Library/TinyTeX/texmf-dist/tex/latex/amsmath/amsopn.sty
Package: amsopn 2016/03/08 v2.02 operator names
)
\inf@bad=\count187
LaTeX Info: Redefining \frac on input line 234.
\uproot@=\count188
\leftroot@=\count189
LaTeX Info: Redefining \overline on input line 399.
\classnum@=\count190
\DOTSCASE@=\count191
LaTeX Info: Redefining \ldots on input line 496.
LaTeX Info: Redefining \dots on input line 499.
LaTeX Info: Redefining \cdots on input line 620.
\Mathstrutbox@=\box47
\strutbox@=\box48
\big@size=\dimen141
LaTeX Font Info:    Redeclaring font encoding OML on input line 743.
LaTeX Font Info:    Redeclaring font encoding OMS on input line 744.
\macc@depth=\count192
\c@MaxMatrixCols=\count193
\dotsspace@=\muskip16
\c@parentequation=\count194
\dspbrk@lvl=\count195
\tag@help=\toks17
\row@=\count196
\column@=\count197
\maxfields@=\count198
\andhelp@=\toks18
\eqnshift@=\dimen142
\alignsep@=\dimen143
\tagshift@=\dimen144
\tagwidth@=\dimen145
\totwidth@=\dimen146
\lineht@=\dimen147
\@envbody=\toks19
\multlinegap=\skip50
\multlinetaggap=\skip51
\mathdisplay@stack=\toks20
LaTeX Info: Redefining \[ on input line 2923.
LaTeX Info: Redefining \] on input line 2924.
) (/Users/jeremyjchu/Library/TinyTeX/texmf-dist/tex/generic/iftex/ifxetex.sty
Package: ifxetex 2019/10/25 v0.7 ifxetex legacy package. Use iftex instead.
(/Users/jeremyjchu/Library/TinyTeX/texmf-dist/tex/generic/iftex/iftex.sty
Package: iftex 2020/03/06 v1.0d TeX engine tests
)) (/Users/jeremyjchu/Library/TinyTeX/texmf-dist/tex/generic/iftex/ifluatex.sty
Package: ifluatex 2019/10/25 v1.5 ifluatex legacy package. Use iftex instead.
) (/Users/jeremyjchu/Library/TinyTeX/texmf-dist/tex/latex/base/fontenc.sty
Package: fontenc 2020/08/10 v2.0s Standard LaTeX package
LaTeX Font Info:    Trying to load font information for T1+lmr on input line 11
2.
(/Users/jeremyjchu/Library/TinyTeX/texmf-dist/tex/latex/lm/t1lmr.fd
File: t1lmr.fd 2009/10/30 v1.6 Font defs for Latin Modern
)) (/Users/jeremyjchu/Library/TinyTeX/texmf-dist/tex/latex/base/inputenc.sty
Package: inputenc 2020/08/01 v1.3d Input encoding file
\inpenc@prehook=\toks21
\inpenc@posthook=\toks22
) (/Users/jeremyjchu/Library/TinyTeX/texmf-dist/tex/latex/base/textcomp.sty
Package: textcomp 2020/02/02 v2.0n Standard LaTeX package
) (/Users/jeremyjchu/Library/TinyTeX/texmf-dist/tex/latex/xcolor/xcolor.sty
Package: xcolor 2016/05/11 v2.12 LaTeX color extensions (UK)
(/Users/jeremyjchu/Library/TinyTeX/texmf-dist/tex/latex/graphics-cfg/color.cfg
File: color.cfg 2016/01/02 v1.6 sample color configuration
)
Package xcolor Info: Driver file: pdftex.def on input line 225.

(/Users/jeremyjchu/Library/TinyTeX/texmf-dist/tex/latex/graphics-def/pdftex.def
File: pdftex.def 2020/10/05 v1.2a Graphics/color driver for pdftex
) (/Users/jeremyjchu/Library/TinyTeX/texmf-dist/tex/latex/colortbl/colortbl.sty
Package: colortbl 2020/01/04 v1.0e Color table columns (DPC)
(/Users/jeremyjchu/Library/TinyTeX/texmf-dist/tex/latex/tools/array.sty
Package: array 2020/10/01 v2.5c Tabular extension package (FMi)
\col@sep=\dimen148
\ar@mcellbox=\box49
\extrarowheight=\dimen149
\NC@list=\toks23
\extratabsurround=\skip52
\backup@length=\skip53
\ar@cellbox=\box50
)
\everycr=\toks24
\minrowclearance=\skip54
)
\rownum=\count199
Package xcolor Info: Model `cmy' substituted by `cmy0' on input line 1348.
Package xcolor Info: Model `hsb' substituted by `rgb' on input line 1352.
Package xcolor Info: Model `RGB' extended on input line 1364.
Package xcolor Info: Model `HTML' substituted by `rgb' on input line 1366.
Package xcolor Info: Model `Hsb' substituted by `hsb' on input line 1367.
Package xcolor Info: Model `tHsb' substituted by `hsb' on input line 1368.
Package xcolor Info: Model `HSB' substituted by `hsb' on input line 1369.
Package xcolor Info: Model `Gray' substituted by `gray' on input line 1370.
Package xcolor Info: Model `wave' substituted by `hsb' on input line 1371.
) (/Users/jeremyjchu/Library/TinyTeX/texmf-dist/tex/latex/hyperref/hyperref.sty
Package: hyperref 2021-02-10 v7.00j Hypertext links for LaTeX
(/Users/jeremyjchu/Library/TinyTeX/texmf-dist/tex/generic/ltxcmds/ltxcmds.sty
Package: ltxcmds 2020-05-10 v1.25 LaTeX kernel commands for general use (HO)
)
(/Users/jeremyjchu/Library/TinyTeX/texmf-dist/tex/generic/pdftexcmds/pdftexcmds
.sty
Package: pdftexcmds 2020-06-27 v0.33 Utility functions of pdfTeX for LuaTeX (HO
)

(/Users/jeremyjchu/Library/TinyTeX/texmf-dist/tex/generic/infwarerr/infwarerr.s
ty
Package: infwarerr 2019/12/03 v1.5 Providing info/warning/error messages (HO)
)
Package pdftexcmds Info: \pdf@primitive is available.
Package pdftexcmds Info: \pdf@ifprimitive is available.
Package pdftexcmds Info: \pdfdraftmode found.
) (/Users/jeremyjchu/Library/TinyTeX/texmf-dist/tex/latex/graphics/keyval.sty
Package: keyval 2014/10/28 v1.15 key=value parser (DPC)
\KV@toks@=\toks25
)
(/Users/jeremyjchu/Library/TinyTeX/texmf-dist/tex/generic/kvsetkeys/kvsetkeys.s
ty
Package: kvsetkeys 2019/12/15 v1.18 Key value parser (HO)
)
(/Users/jeremyjchu/Library/TinyTeX/texmf-dist/tex/generic/kvdefinekeys/kvdefine
keys.sty
Package: kvdefinekeys 2019-12-19 v1.6 Define keys (HO)
)
(/Users/jeremyjchu/Library/TinyTeX/texmf-dist/tex/generic/pdfescape/pdfescape.s
ty
Package: pdfescape 2019/12/09 v1.15 Implements pdfTeX's escape features (HO)
) (/Users/jeremyjchu/Library/TinyTeX/texmf-dist/tex/latex/hycolor/hycolor.sty
Package: hycolor 2020-01-27 v1.10 Color options for hyperref/bookmark (HO)
)
(/Users/jeremyjchu/Library/TinyTeX/texmf-dist/tex/latex/letltxmacro/letltxmacro
.sty
Package: letltxmacro 2019/12/03 v1.6 Let assignment for LaTeX macros (HO)
) (/Users/jeremyjchu/Library/TinyTeX/texmf-dist/tex/latex/auxhook/auxhook.sty
Package: auxhook 2019-12-17 v1.6 Hooks for auxiliary files (HO)
)
(/Users/jeremyjchu/Library/TinyTeX/texmf-dist/tex/latex/kvoptions/kvoptions.sty
Package: kvoptions 2020-10-07 v3.14 Key value format for package options (HO)
)
\@linkdim=\dimen150
\Hy@linkcounter=\count266
\Hy@pagecounter=\count267
(/Users/jeremyjchu/Library/TinyTeX/texmf-dist/tex/latex/hyperref/pd1enc.def
File: pd1enc.def 2021-02-10 v7.00j Hyperref: PDFDocEncoding definition (HO)
Now handling font encoding PD1 ...
... no UTF-8 mapping file for font encoding PD1
)
(/Users/jeremyjchu/Library/TinyTeX/texmf-dist/tex/latex/hyperref/hyperref-langp
atches.def
File: hyperref-langpatches.def 2021-02-10 v7.00j Hyperref: patches for babel la
nguages
) (/Users/jeremyjchu/Library/TinyTeX/texmf-dist/tex/generic/intcalc/intcalc.sty
Package: intcalc 2019/12/15 v1.3 Expandable calculations with integers (HO)
)
(/Users/jeremyjchu/Library/TinyTeX/texmf-dist/tex/generic/etexcmds/etexcmds.sty
Package: etexcmds 2019/12/15 v1.7 Avoid name clashes with e-TeX commands (HO)
)
\Hy@SavedSpaceFactor=\count268
(/Users/jeremyjchu/Library/TinyTeX/texmf-dist/tex/latex/hyperref/puenc.def
File: puenc.def 2021-02-10 v7.00j Hyperref: PDF Unicode definition (HO)
Now handling font encoding PU ...
... no UTF-8 mapping file for font encoding PU
)
Package hyperref Info: Option `unicode' set `true' on input line 4073.
Package hyperref Info: Hyper figures OFF on input line 4192.
Package hyperref Info: Link nesting OFF on input line 4197.
Package hyperref Info: Hyper index ON on input line 4200.
Package hyperref Info: Plain pages OFF on input line 4207.
Package hyperref Info: Backreferencing OFF on input line 4212.
Package hyperref Info: Implicit mode ON; LaTeX internals redefined.
Package hyperref Info: Bookmarks ON on input line 4445.
\c@Hy@tempcnt=\count269
(/Users/jeremyjchu/Library/TinyTeX/texmf-dist/tex/latex/url/url.sty
\Urlmuskip=\muskip17
Package: url 2013/09/16  ver 3.4  Verb mode for urls, etc.
)
LaTeX Info: Redefining \url on input line 4804.
\XeTeXLinkMargin=\dimen151
(/Users/jeremyjchu/Library/TinyTeX/texmf-dist/tex/generic/bitset/bitset.sty
Package: bitset 2019/12/09 v1.3 Handle bit-vector datatype (HO)

(/Users/jeremyjchu/Library/TinyTeX/texmf-dist/tex/generic/bigintcalc/bigintcalc
.sty
Package: bigintcalc 2019/12/15 v1.5 Expandable calculations on big integers (HO
)
))
\Fld@menulength=\count270
\Field@Width=\dimen152
\Fld@charsize=\dimen153
Package hyperref Info: Hyper figures OFF on input line 6075.
Package hyperref Info: Link nesting OFF on input line 6080.
Package hyperref Info: Hyper index ON on input line 6083.
Package hyperref Info: backreferencing OFF on input line 6090.
Package hyperref Info: Link coloring OFF on input line 6095.
Package hyperref Info: Link coloring with OCG OFF on input line 6100.
Package hyperref Info: PDF/A mode OFF on input line 6105.
LaTeX Info: Redefining \ref on input line 6145.
LaTeX Info: Redefining \pageref on input line 6149.
(/Users/jeremyjchu/Library/TinyTeX/texmf-dist/tex/latex/base/atbegshi-ltx.sty
Package: atbegshi-ltx 2020/08/17 v1.0a Emulation of the original atbegshi packa
ge
with kernel methods
)
\Hy@abspage=\count271
\c@Item=\count272
\c@Hfootnote=\count273
)
Package hyperref Info: Driver (autodetected): hpdftex.
(/Users/jeremyjchu/Library/TinyTeX/texmf-dist/tex/latex/hyperref/hpdftex.def
File: hpdftex.def 2021-02-10 v7.00j Hyperref driver for pdfTeX
(/Users/jeremyjchu/Library/TinyTeX/texmf-dist/tex/latex/base/atveryend-ltx.sty
Package: atveryend-ltx 2020/08/19 v1.0a Emulation of the original atvery packag
e
with kernel methods
)
\Fld@listcount=\count274
\c@bookmark@seq@number=\count275

(/Users/jeremyjchu/Library/TinyTeX/texmf-dist/tex/latex/rerunfilecheck/rerunfil
echeck.sty
Package: rerunfilecheck 2019/12/05 v1.9 Rerun checks for auxiliary files (HO)

(/Users/jeremyjchu/Library/TinyTeX/texmf-dist/tex/generic/uniquecounter/uniquec
ounter.sty
Package: uniquecounter 2019/12/15 v1.4 Provide unlimited unique counter (HO)
)
Package uniquecounter Info: New unique counter `rerunfilecheck' on input line 2
86.
)
\Hy@SectionHShift=\skip55
) (/Users/jeremyjchu/Library/TinyTeX/texmf-dist/tex/latex/geometry/geometry.sty
Package: geometry 2020/01/02 v5.9 Page Geometry
(/Users/jeremyjchu/Library/TinyTeX/texmf-dist/tex/generic/iftex/ifvtex.sty
Package: ifvtex 2019/10/25 v1.7 ifvtex legacy package. Use iftex instead.
)
\Gm@cnth=\count276
\Gm@cntv=\count277
\c@Gm@tempcnt=\count278
\Gm@bindingoffset=\dimen154
\Gm@wd@mp=\dimen155
\Gm@odd@mp=\dimen156
\Gm@even@mp=\dimen157
\Gm@layoutwidth=\dimen158
\Gm@layoutheight=\dimen159
\Gm@layouthoffset=\dimen160
\Gm@layoutvoffset=\dimen161
\Gm@dimlist=\toks26
) (/Users/jeremyjchu/Library/TinyTeX/texmf-dist/tex/latex/tools/longtable.sty
Package: longtable 2020/01/07 v4.13 Multi-page Table package (DPC)
\LTleft=\skip56
\LTright=\skip57
\LTpre=\skip58
\LTpost=\skip59
\LTchunksize=\count279
\LTcapwidth=\dimen162
\LT@head=\box51
\LT@firsthead=\box52
\LT@foot=\box53
\LT@lastfoot=\box54
\LT@cols=\count280
\LT@rows=\count281
\c@LT@tables=\count282
\c@LT@chunks=\count283
\LT@p@ftn=\toks27
) (/Users/jeremyjchu/Library/TinyTeX/texmf-dist/tex/latex/booktabs/booktabs.sty
Package: booktabs 2020/01/12 v1.61803398 Publication quality tables
\heavyrulewidth=\dimen163
\lightrulewidth=\dimen164
\cmidrulewidth=\dimen165
\belowrulesep=\dimen166
\belowbottomsep=\dimen167
\aboverulesep=\dimen168
\abovetopsep=\dimen169
\cmidrulesep=\dimen170
\cmidrulekern=\dimen171
\defaultaddspace=\dimen172
\@cmidla=\count284
\@cmidlb=\count285
\@aboverulesep=\dimen173
\@belowrulesep=\dimen174
\@thisruleclass=\count286
\@lastruleclass=\count287
\@thisrulewidth=\dimen175
) (/Users/jeremyjchu/Library/TinyTeX/texmf-dist/tex/latex/etoolbox/etoolbox.sty
Package: etoolbox 2020/10/05 v2.5k e-TeX tools for LaTeX (JAW)
\etb@tempcnta=\count288
) (/Users/jeremyjchu/Library/TinyTeX/texmf-dist/tex/latex/mdwtools/footnote.sty
Package: footnote 1997/01/28 1.13 Save footnotes around boxes
\fn@notes=\box55
\fn@width=\dimen176
) (/Users/jeremyjchu/Library/TinyTeX/texmf-dist/tex/latex/graphics/graphicx.sty
Package: graphicx 2020/09/09 v1.2b Enhanced LaTeX Graphics (DPC,SPQR)
(/Users/jeremyjchu/Library/TinyTeX/texmf-dist/tex/latex/graphics/graphics.sty
Package: graphics 2020/08/30 v1.4c Standard LaTeX Graphics (DPC,SPQR)
(/Users/jeremyjchu/Library/TinyTeX/texmf-dist/tex/latex/graphics/trig.sty
Package: trig 2016/01/03 v1.10 sin cos tan (DPC)
)
(/Users/jeremyjchu/Library/TinyTeX/texmf-dist/tex/latex/graphics-cfg/graphics.c
fg
File: graphics.cfg 2016/06/04 v1.11 sample graphics configuration
)
Package graphics Info: Driver file: pdftex.def on input line 105.
)
\Gin@req@height=\dimen177
\Gin@req@width=\dimen178
) (/Users/jeremyjchu/Library/TinyTeX/texmf-dist/tex/latex/grffile/grffile.sty
Package: grffile 2019/11/11 v2.1 Extended file name support for graphics (legac
y)
Package grffile Info: This package is an empty stub for compatibility on input 
line 40.
) (/Users/jeremyjchu/Library/TinyTeX/texmf-dist/tex/latex/float/float.sty
Package: float 2001/11/08 v1.3d Float enhancements (AL)
\c@float@type=\count289
\float@exts=\toks28
\float@box=\box56
\@float@everytoks=\toks29
\@floatcapt=\box57
) (/Users/jeremyjchu/Library/TinyTeX/texmf-dist/tex/latex/multirow/multirow.sty
Package: multirow 2021/01/29 v2.7 Span multiple rows of a table
\multirow@colwidth=\skip60
\multirow@cntb=\count290
\multirow@dima=\skip61
\bigstrutjot=\dimen179
) (/Users/jeremyjchu/Library/TinyTeX/texmf-dist/tex/latex/wrapfig/wrapfig.sty
\wrapoverhang=\dimen180
\WF@size=\dimen181
\c@WF@wrappedlines=\count291
\WF@box=\box58
\WF@everypar=\toks30
Package: wrapfig 2003/01/31  v 3.6
)
(/Users/jeremyjchu/Library/TinyTeX/texmf-dist/tex/latex/pdflscape/pdflscape.sty
Package: pdflscape 2019/12/05 v0.12 Display of landscape pages in PDF (HO)
(/Users/jeremyjchu/Library/TinyTeX/texmf-dist/tex/latex/graphics/lscape.sty
Package: lscape 2020/05/28 v3.02 Landscape Pages (DPC)
)
Package pdflscape Info: Auto-detected driver: pdftex on input line 81.
) (/Users/jeremyjchu/Library/TinyTeX/texmf-dist/tex/latex/tabu/tabu.sty
Package: tabu 2019/01/11 v2.9 - flexible LaTeX tabulars (FC+tabu-fixed)
(/Users/jeremyjchu/Library/TinyTeX/texmf-dist/tex/latex/varwidth/varwidth.sty
Package: varwidth 2009/03/30 ver 0.92;  Variable-width minipages
\@vwid@box=\box59
\sift@deathcycles=\count292
\@vwid@loff=\dimen182
\@vwid@roff=\dimen183
)
\c@taburow=\count293
\tabu@nbcols=\count294
\tabu@cnt=\count295
\tabu@Xcol=\count296
\tabu@alloc=\count297
\tabu@nested=\count298
\tabu@target=\dimen184
\tabu@spreadtarget=\dimen185
\tabu@naturalX=\dimen186
\tabucolX=\dimen187
\tabu@Xsum=\dimen188
\extrarowdepth=\dimen189
\abovetabulinesep=\dimen190
\belowtabulinesep=\dimen191
\tabustrutrule=\dimen192
\tabu@thebody=\toks31
\tabu@footnotes=\toks32
\tabu@box=\box60
\tabu@arstrutbox=\box61
\tabu@hleads=\box62
\tabu@vleads=\box63
\tabu@cellskip=\skip62
)
(/Users/jeremyjchu/Library/TinyTeX/texmf-dist/tex/latex/threeparttable/threepar
ttable.sty
Package: threeparttable 2003/06/13  v 3.0
\@tempboxb=\box64
)
(/Users/jeremyjchu/Library/TinyTeX/texmf-dist/tex/latex/threeparttablex/threepa
rttablex.sty
Package: threeparttablex 2013/07/23 v0.3 by daleif
(/Users/jeremyjchu/Library/TinyTeX/texmf-dist/tex/latex/environ/environ.sty
Package: environ 2014/05/04 v0.3 A new way to define environments

(/Users/jeremyjchu/Library/TinyTeX/texmf-dist/tex/latex/trimspaces/trimspaces.s
ty
Package: trimspaces 2009/09/17 v1.1 Trim spaces around a token list
))
\TPTL@width=\skip63
) (/Users/jeremyjchu/Library/TinyTeX/texmf-dist/tex/generic/ulem/ulem.sty
\UL@box=\box65
\UL@hyphenbox=\box66
\UL@skip=\skip64
\UL@hook=\toks33
\UL@height=\dimen193
\UL@pe=\count299
\UL@pixel=\dimen194
\ULC@box=\box67
Package: ulem 2019/11/18
\ULdepth=\dimen195
) (/Users/jeremyjchu/Library/TinyTeX/texmf-dist/tex/latex/makecell/makecell.sty
Package: makecell 2009/08/03 V0.1e Managing of Tab Column Heads and Cells
\rotheadsize=\dimen196
\c@nlinenum=\count300
\TeXr@lab=\toks34
)
(/Users/jeremyjchu/Library/TinyTeX/texmf-dist/tex/latex/l3backend/l3backend-pdf
tex.def
File: l3backend-pdftex.def 2021-02-18 L3 backend support: PDF output (pdfTeX)
\l__color_backend_stack_int=\count301
\l__pdf_internal_box=\box68
) (./covid-restaurants-rct.aux)
\openout1 = `covid-restaurants-rct.aux'.

LaTeX Font Info:    Checking defaults for OML/cmm/m/it on input line 93.
LaTeX Font Info:    ... okay on input line 93.
LaTeX Font Info:    Checking defaults for OMS/cmsy/m/n on input line 93.
LaTeX Font Info:    ... okay on input line 93.
LaTeX Font Info:    Checking defaults for OT1/cmr/m/n on input line 93.
LaTeX Font Info:    ... okay on input line 93.
LaTeX Font Info:    Checking defaults for T1/cmr/m/n on input line 93.
LaTeX Font Info:    ... okay on input line 93.
LaTeX Font Info:    Checking defaults for TS1/cmr/m/n on input line 93.
LaTeX Font Info:    ... okay on input line 93.
LaTeX Font Info:    Checking defaults for OMX/cmex/m/n on input line 93.
LaTeX Font Info:    ... okay on input line 93.
LaTeX Font Info:    Checking defaults for U/cmr/m/n on input line 93.
LaTeX Font Info:    ... okay on input line 93.
LaTeX Font Info:    Checking defaults for PD1/pdf/m/n on input line 93.
LaTeX Font Info:    ... okay on input line 93.
LaTeX Font Info:    Checking defaults for PU/pdf/m/n on input line 93.
LaTeX Font Info:    ... okay on input line 93.

(/Users/jeremyjchu/Library/TinyTeX/texmf-dist/tex/latex/epstopdf-pkg/epstopdf-b
ase.sty
Package: epstopdf-base 2020-01-24 v2.11 Base part for package epstopdf
Package epstopdf-base Info: Redefining graphics rule for `.eps' on input line 4
85.

(/Users/jeremyjchu/Library/TinyTeX/texmf-dist/tex/latex/latexconfig/epstopdf-sy
s.cfg
File: epstopdf-sys.cfg 2010/07/13 v1.3 Configuration of (r)epstopdf for TeX Liv
e
))
Package hyperref Info: Link coloring OFF on input line 93.
(/Users/jeremyjchu/Library/TinyTeX/texmf-dist/tex/latex/hyperref/nameref.sty
Package: nameref 2021-04-02 v2.47 Cross-referencing by name of section
(/Users/jeremyjchu/Library/TinyTeX/texmf-dist/tex/latex/refcount/refcount.sty
Package: refcount 2019/12/15 v3.6 Data extraction from label references (HO)
)
(/Users/jeremyjchu/Library/TinyTeX/texmf-dist/tex/generic/gettitlestring/gettit
lestring.sty
Package: gettitlestring 2019/12/15 v1.6 Cleanup title references (HO)
)
\c@section@level=\count302
)
LaTeX Info: Redefining \ref on input line 93.
LaTeX Info: Redefining \pageref on input line 93.
LaTeX Info: Redefining \nameref on input line 93.
(./covid-restaurants-rct.out) (./covid-restaurants-rct.out)
\@outlinefile=\write3
\openout3 = `covid-restaurants-rct.out'.

*geometry* driver: auto-detecting
*geometry* detected driver: pdftex
*geometry* verbose mode - [ preamble ] result:
* driver: pdftex
* paper: <default>
* layout: <same size as paper>
* layoutoffset:(h,v)=(0.0pt,0.0pt)
* modes: 
* h-part:(L,W,R)=(72.26999pt, 469.75502pt, 72.26999pt)
* v-part:(T,H,B)=(72.26999pt, 650.43001pt, 72.26999pt)
* \paperwidth=614.295pt
* \paperheight=794.96999pt
* \textwidth=469.75502pt
* \textheight=650.43001pt
* \oddsidemargin=0.0pt
* \evensidemargin=0.0pt
* \topmargin=-37.0pt
* \headheight=12.0pt
* \headsep=25.0pt
* \topskip=11.0pt
* \footskip=30.0pt
* \marginparwidth=59.0pt
* \marginparsep=10.0pt
* \columnsep=10.0pt
* \skip\footins=10.0pt plus 4.0pt minus 2.0pt
* \hoffset=0.0pt
* \voffset=0.0pt
* \mag=1000
* \@twocolumnfalse
* \@twosidefalse
* \@mparswitchfalse
* \@reversemarginfalse
* (1in=72.27pt=25.4mm, 1cm=28.453pt)

LaTeX Font Info:    Trying to load font information for OT1+lmr on input line 9
5.
(/Users/jeremyjchu/Library/TinyTeX/texmf-dist/tex/latex/lm/ot1lmr.fd
File: ot1lmr.fd 2009/10/30 v1.6 Font defs for Latin Modern
)
LaTeX Font Info:    Trying to load font information for OML+lmm on input line 9
5.
(/Users/jeremyjchu/Library/TinyTeX/texmf-dist/tex/latex/lm/omllmm.fd
File: omllmm.fd 2009/10/30 v1.6 Font defs for Latin Modern
)
LaTeX Font Info:    Trying to load font information for OMS+lmsy on input line 
95.
(/Users/jeremyjchu/Library/TinyTeX/texmf-dist/tex/latex/lm/omslmsy.fd
File: omslmsy.fd 2009/10/30 v1.6 Font defs for Latin Modern
)
LaTeX Font Info:    Trying to load font information for OMX+lmex on input line 
95.
(/Users/jeremyjchu/Library/TinyTeX/texmf-dist/tex/latex/lm/omxlmex.fd
File: omxlmex.fd 2009/10/30 v1.6 Font defs for Latin Modern
)
LaTeX Font Info:    External font `lmex10' loaded for size
(Font)              <12> on input line 95.
LaTeX Font Info:    External font `lmex10' loaded for size
(Font)              <8> on input line 95.
LaTeX Font Info:    External font `lmex10' loaded for size
(Font)              <6> on input line 95.
LaTeX Font Info:    Trying to load font information for U+msa on input line 95.

(/Users/jeremyjchu/Library/TinyTeX/texmf-dist/tex/latex/amsfonts/umsa.fd
File: umsa.fd 2013/01/14 v3.01 AMS symbols A
)
LaTeX Font Info:    Trying to load font information for U+msb on input line 95.

(/Users/jeremyjchu/Library/TinyTeX/texmf-dist/tex/latex/amsfonts/umsb.fd
File: umsb.fd 2013/01/14 v3.01 AMS symbols B
) (./covid-restaurants-rct.toc
LaTeX Font Info:    External font `lmex10' loaded for size
(Font)              <10.95> on input line 5.
[1

{/Users/jeremyjchu/Library/TinyTeX/texmf-var/fonts/map/pdftex/updmap/pdftex.map
}])
\tf@toc=\write4
\openout4 = `covid-restaurants-rct.toc'.

[2] [3] [4]
<covid-restaurants-rct_files/figure-latex/show-figure-1-hotspots-1.pdf, id=199,
 445.665pt x 316.18124pt>
File: covid-restaurants-rct_files/figure-latex/show-figure-1-hotspots-1.pdf Gra
phic file (type pdf)
<use covid-restaurants-rct_files/figure-latex/show-figure-1-hotspots-1.pdf>
Package pdftex.def Info: covid-restaurants-rct_files/figure-latex/show-figure-1
-hotspots-1.pdf  used on input line 136.
(pdftex.def)             Requested size: 328.8281pt x 233.29019pt.
[5pdfTeX warning (ext4): destination with the same identifier (name{figure.1}) 
has been already used, duplicate ignored
<argument> ...shipout:D \box_use:N \l_shipout_box 
                                                  
l.149 
       <./covid-restaurants-rct_files/figure-latex/show-figure-1-hotspots-1.pdf
>]
<covid-restaurants-rct_files/figure-latex/show-figure-2-peelvtoronto-1.pdf, id=
215, 437.635pt x 316.18124pt>
File: covid-restaurants-rct_files/figure-latex/show-figure-2-peelvtoronto-1.pdf
 Graphic file (type pdf)
<use covid-restaurants-rct_files/figure-latex/show-figure-2-peelvtoronto-1.pdf>

Package pdftex.def Info: covid-restaurants-rct_files/figure-latex/show-figure-2
-peelvtoronto-1.pdf  used on input line 152.
(pdftex.def)             Requested size: 328.83311pt x 237.57437pt.
LaTeX Font Info:    Trying to load font information for TS1+lmr on input line 1
69.
(/Users/jeremyjchu/Library/TinyTeX/texmf-dist/tex/latex/lm/ts1lmr.fd
File: ts1lmr.fd 2009/10/30 v1.6 Font defs for Latin Modern
) [6pdfTeX warning (ext4): destination with the same identifier (name{figure.2}
) has been already used, duplicate ignored
<argument> ...shipout:D \box_use:N \l_shipout_box 
                                                  
l.178 \end{itemize}
                    <./covid-restaurants-rct_files/figure-latex/show-figure-2-p
eelvtoronto-1.pdf>] [7] [8pdfTeX warning (ext4): destination with the same iden
tifier (name{table.1}) has been already used, duplicate ignored
<argument> ...shipout:D \box_use:N \l_shipout_box 
                                                  
l.255 
      pdfTeX warning (ext4): destination with the same identifier (name{table.2
}) has been already used, duplicate ignored
<argument> ...shipout:D \box_use:N \l_shipout_box 
                                                  
l.255 
      ]
<covid-restaurants-rct_files/figure-latex/show-figure-5-scoping-bar-staff-1.pdf
, id=255, 393.47pt x 307.1475pt>
File: covid-restaurants-rct_files/figure-latex/show-figure-5-scoping-bar-staff-
1.pdf Graphic file (type pdf)
<use covid-restaurants-rct_files/figure-latex/show-figure-5-scoping-bar-staff-1
.pdf>
Package pdftex.def Info: covid-restaurants-rct_files/figure-latex/show-figure-5
-scoping-bar-staff-1.pdf  used on input line 263.
(pdftex.def)             Requested size: 328.82545pt x 256.68518pt.

Overfull \hbox (45.72063pt too wide) in paragraph at lines 274--294
 [][] 
 []


LaTeX Warning: `!h' float specifier changed to `!ht'.

[9pdfTeX warning (ext4): destination with the same identifier (name{figure.3}) 
has been already used, duplicate ignored
<argument> ...shipout:D \box_use:N \l_shipout_box 
                                                  
l.304   W
         ould the fact that some restaurants are open while others remained ...
 <./covid-restaurants-rct_files/figure-latex/show-figure-5-scoping-bar-staff-1.
pdf>]
LaTeX Font Info:    External font `lmex10' loaded for size
(Font)              <9> on input line 319.
LaTeX Font Info:    External font `lmex10' loaded for size
(Font)              <5> on input line 319.
[10pdfTeX warning (ext4): destination with the same identifier (name{table.3}) 
has been already used, duplicate ignored
<argument> ...shipout:D \box_use:N \l_shipout_box 
                                                  
l.320 
      ] [11]
<covid-restaurants-rct_files/figure-latex/show-figure-3-scoping-bar-proportion-
1.pdf, id=304, 369.38pt x 307.1475pt>
File: covid-restaurants-rct_files/figure-latex/show-figure-3-scoping-bar-propor
tion-1.pdf Graphic file (type pdf)
<use covid-restaurants-rct_files/figure-latex/show-figure-3-scoping-bar-proport
ion-1.pdf>
Package pdftex.def Info: covid-restaurants-rct_files/figure-latex/show-figure-3
-scoping-bar-proportion-1.pdf  used on input line 358.
(pdftex.def)             Requested size: 328.82607pt x 273.42603pt.

Underfull \hbox (badness 1264) in paragraph at lines 362--362
[]\T1/lmr/m/n/10.95 Figure 4: []Majority of restau-rants open for take-out/deli
very, small per-cent-age tem-porar-
 []

[12]
<covid-restaurants-rct_files/figure-latex/show-figure-4-scoping-bar-vaccine-1.p
df, id=315, 366.36874pt x 307.1475pt>
File: covid-restaurants-rct_files/figure-latex/show-figure-4-scoping-bar-vaccin
e-1.pdf Graphic file (type pdf)
<use covid-restaurants-rct_files/figure-latex/show-figure-4-scoping-bar-vaccine
-1.pdf>
Package pdftex.def Info: covid-restaurants-rct_files/figure-latex/show-figure-4
-scoping-bar-vaccine-1.pdf  used on input line 369.
(pdftex.def)             Requested size: 328.84555pt x 275.6897pt.
[13pdfTeX warning (ext4): destination with the same identifier (name{figure.4})
 has been already used, duplicate ignored
<argument> ...shipout:D \box_use:N \l_shipout_box 
                                                  
l.375 
       <./covid-restaurants-rct_files/figure-latex/show-figure-3-scoping-bar-pr
oportion-1.pdf>] [14pdfTeX warning (ext4): destination with the same identifier
 (name{figure.5}) has been already used, duplicate ignored
<argument> ...shipout:D \box_use:N \l_shipout_box 
                                                  
l.384 
       <./covid-restaurants-rct_files/figure-latex/show-figure-4-scoping-bar-va
ccine-1.pdf>] [15]
<covid-restaurants-rct_files/figure-latex/show-figure-6b-intervention-bar-posit
ive-category-1.pdf, id=356, 342.27875pt x 307.1475pt>
File: covid-restaurants-rct_files/figure-latex/show-figure-6b-intervention-bar-
positive-category-1.pdf Graphic file (type pdf)
<use covid-restaurants-rct_files/figure-latex/show-figure-6b-intervention-bar-p
ositive-category-1.pdf>
Package pdftex.def Info: covid-restaurants-rct_files/figure-latex/show-figure-6
b-intervention-bar-positive-category-1.pdf  used on input line 414.
(pdftex.def)             Requested size: 281.87683pt x 252.94519pt.
[16]
<covid-restaurants-rct_files/figure-latex/show-figure-6-intervention-bar-positi
ve-1.pdf, id=366, 349.305pt x 307.1475pt>
File: covid-restaurants-rct_files/figure-latex/show-figure-6-intervention-bar-p
ositive-1.pdf Graphic file (type pdf)
<use covid-restaurants-rct_files/figure-latex/show-figure-6-intervention-bar-po
sitive-1.pdf>
Package pdftex.def Info: covid-restaurants-rct_files/figure-latex/show-figure-6
-intervention-bar-positive-1.pdf  used on input line 423.
(pdftex.def)             Requested size: 328.84775pt x 289.15923pt.
[17pdfTeX warning (ext4): destination with the same identifier (name{figure.6})
 has been already used, duplicate ignored
<argument> ...shipout:D \box_use:N \l_shipout_box 
                                                  
l.434 
      pdfTeX warning (ext4): destination with the same identifier (name{figure.
7}) has been already used, duplicate ignored
<argument> ...shipout:D \box_use:N \l_shipout_box 
                                                  
l.434 
       <./covid-restaurants-rct_files/figure-latex/show-figure-6b-intervention-
bar-positive-category-1.pdf> <./covid-restaurants-rct_files/figure-latex/show-f
igure-6-intervention-bar-positive-1.pdf>]
<covid-restaurants-rct_files/figure-latex/show-figure-8-full-subsidies-bar-1.pd
f, id=389, 445.665pt x 316.18124pt>
File: covid-restaurants-rct_files/figure-latex/show-figure-8-full-subsidies-bar
-1.pdf Graphic file (type pdf)
<use covid-restaurants-rct_files/figure-latex/show-figure-8-full-subsidies-bar-
1.pdf>
Package pdftex.def Info: covid-restaurants-rct_files/figure-latex/show-figure-8
-full-subsidies-bar-1.pdf  used on input line 442.
(pdftex.def)             Requested size: 328.8281pt x 233.29019pt.
[18pdfTeX warning (ext4): destination with the same identifier (name{figure.8})
 has been already used, duplicate ignored
<argument> ...shipout:D \box_use:N \l_shipout_box 
                                                  
l.453 
       <./covid-restaurants-rct_files/figure-latex/show-figure-8-full-subsidies
-bar-1.pdf>]
<covid-restaurants-rct_files/figure-latex/show-figure-7-ivc-bar-break-without-1
.pdf, id=408, 429.605pt x 313.17pt>
File: covid-restaurants-rct_files/figure-latex/show-figure-7-ivc-bar-break-with
out-1.pdf Graphic file (type pdf)
<use covid-restaurants-rct_files/figure-latex/show-figure-7-ivc-bar-break-witho
ut-1.pdf>
Package pdftex.def Info: covid-restaurants-rct_files/figure-latex/show-figure-7
-ivc-bar-break-without-1.pdf  used on input line 456.
(pdftex.def)             Requested size: 328.83029pt x 239.70805pt.
[19pdfTeX warning (ext4): destination with the same identifier (name{figure.9})
 has been already used, duplicate ignored
<argument> ...shipout:D \box_use:N \l_shipout_box 
                                                  
l.464 
       <./covid-restaurants-rct_files/figure-latex/show-figure-7-ivc-bar-break-
without-1.pdf>]
<covid-restaurants-rct_files/figure-latex/show-figure-9-ivc-bar-break-with-1.pd
f, id=428, 430.60875pt x 313.17pt>
File: covid-restaurants-rct_files/figure-latex/show-figure-9-ivc-bar-break-with
-1.pdf Graphic file (type pdf)
<use covid-restaurants-rct_files/figure-latex/show-figure-9-ivc-bar-break-with-
1.pdf>
Package pdftex.def Info: covid-restaurants-rct_files/figure-latex/show-figure-9
-ivc-bar-break-with-1.pdf  used on input line 467.
(pdftex.def)             Requested size: 328.8364pt x 239.15373pt.
[20pdfTeX warning (ext4): destination with the same identifier (name{table.4}) 
has been already used, duplicate ignored
<argument> ...shipout:D \box_use:N \l_shipout_box 
                                                  
l.505 
      pdfTeX warning (ext4): destination with the same identifier (name{figure.
10}) has been already used, duplicate ignored
<argument> ...shipout:D \box_use:N \l_shipout_box 
                                                  
l.505 
       <./covid-restaurants-rct_files/figure-latex/show-figure-9-ivc-bar-break-
with-1.pdf>]
LaTeX Font Info:    Trying to load font information for T1+lmtt on input line 5
30.
(/Users/jeremyjchu/Library/TinyTeX/texmf-dist/tex/latex/lm/t1lmtt.fd
File: t1lmtt.fd 2009/10/30 v1.6 Font defs for Latin Modern
)
Underfull \hbox (badness 10000) in paragraph at lines 538--539
[]\T1/lmtt/m/n/10.95 Staying afloat = -0.28128 + 0.23327 * restaurant is part o
f control group (0) \T1/lmr/m/n/10.95 ->
 []

[21pdfTeX warning (ext4): destination with the same identifier (name{table.5}) 
has been already used, duplicate ignored
<argument> ...shipout:D \box_use:N \l_shipout_box 
                                                  
l.558 
      pdfTeX warning (ext4): destination with the same identifier (name{table.6
}) has been already used, duplicate ignored
<argument> ...shipout:D \box_use:N \l_shipout_box 
                                                  
l.558 
      ] [22pdfTeX warning (ext4): destination with the same identifier (name{ta
ble.7}) has been already used, duplicate ignored
<argument> ...shipout:D \box_use:N \l_shipout_box 
                                                  
l.610 ...pwards-trending-optimism-for-the-future}}
                                                  pdfTeX warning (ext4): destin
ation with the same identifier (name{table.8}) has been already used, duplicate
 ignored
<argument> ...shipout:D \box_use:N \l_shipout_box 
                                                  
l.610 ...pwards-trending-optimism-for-the-future}}
                                                  ]
<covid-restaurants-rct_files/figure-latex/show-figure-10-optimism-bar-1.pdf, id
=463, 441.65pt x 313.17pt>
File: covid-restaurants-rct_files/figure-latex/show-figure-10-optimism-bar-1.pd
f Graphic file (type pdf)
<use covid-restaurants-rct_files/figure-latex/show-figure-10-optimism-bar-1.pdf
>
Package pdftex.def Info: covid-restaurants-rct_files/figure-latex/show-figure-1
0-optimism-bar-1.pdf  used on input line 616.
(pdftex.def)             Requested size: 328.84431pt x 233.18051pt.
[23pdfTeX warning (ext4): destination with the same identifier (name{figure.11}
) has been already used, duplicate ignored
<argument> ...shipout:D \box_use:N \l_shipout_box 
                                                  
l.630 
       <./covid-restaurants-rct_files/figure-latex/show-figure-10-optimism-bar-
1.pdf>] [24] [25]
Underfull \hbox (badness 1616) in paragraph at lines 668--670
\T1/lmr/m/n/10.95 Pro-gram.'' []$https : / / www . bdo . ca / en -[] ca / insig
hts / tax / tax -[] alerts / government -[] introduces -[] the -[] new -[]
 []


Underfull \hbox (badness 10000) in paragraph at lines 671--673
\T1/lmr/m/n/10.95 story / 10230506 -[] doug -[] ford -[] defends -[] closure -[
] of -[] indoor -[] restaurant -[] and -[] bar -[] service -[] as -[] industry 
-[]
 []


Underfull \hbox (badness 10000) in paragraph at lines 680--682
\T1/lmr/m/n/10.95 restaurants -[] begin -[] to -[] reopen -[] across -[] the -[
] country -[] more -[] than -[] half -[] of -[] canadians -[] say -[] they -[] 
arent -[]
 []


Underfull \hbox (badness 10000) in paragraph at lines 704--706
[]$\T1/lmr/m/n/10.95 https : / / www . restaurantbusinessonline . com / ^^\nanc
ing / mcdonalds -[] had -[] its -[] best -[] month -[] nearly -[]
 []

[26]
Underfull \hbox (badness 1178) in paragraph at lines 734--736
[][]\T1/lmr/m/n/10.95 ---------. 2020. ``One in Two In-de-pen-dent Restau-rants
 at Risk to Per-ma-nently Close.''
 []


Underfull \hbox (badness 10000) in paragraph at lines 734--736
[]$\T1/lmr/m/n/10.95 https : / / www . restaurantscanada . org / resources / on
e -[] in -[] two -[] independent -[] restaurants -[] at -[] risk -[] to -[]
 []


Underfull \hbox (badness 10000) in paragraph at lines 746--748
[]$\T1/lmr/m/n/10.95 https : / / www . franchisedirectcanada . com / informatio
n / whats -[] the -[] di^^[erence -[] qsrs -[] fsrs -[] and -[] fast -[]
 []

[27]
</Users/jeremyjchu/Documents/iSchool/R/Projects/covid_restaurants_rct/inputs/su
rvey/scoping-survey/00_ss_declaration-of-consent.png, id=602, 830.10126pt x 347
.2975pt>
File: /Users/jeremyjchu/Documents/iSchool/R/Projects/covid_restaurants_rct/inpu
ts/survey/scoping-survey/00_ss_declaration-of-consent.png Graphic file (type pn
g)
<use /Users/jeremyjchu/Documents/iSchool/R/Projects/covid_restaurants_rct/input
s/survey/scoping-survey/00_ss_declaration-of-consent.png>
Package pdftex.def Info: /Users/jeremyjchu/Documents/iSchool/R/Projects/covid_r
estaurants_rct/inputs/survey/scoping-survey/00_ss_declaration-of-consent.png  u
sed on input line 778.
(pdftex.def)             Requested size: 328.81738pt x 137.5705pt.
</Users/jeremyjchu/Documents/iSchool/R/Projects/covid_restaurants_rct/inputs/su
rvey/scoping-survey/01_ss_q1.png, id=604, 797.98125pt x 299.1175pt>
File: /Users/jeremyjchu/Documents/iSchool/R/Projects/covid_restaurants_rct/inpu
ts/survey/scoping-survey/01_ss_q1.png Graphic file (type png)
<use /Users/jeremyjchu/Documents/iSchool/R/Projects/covid_restaurants_rct/input
s/survey/scoping-survey/01_ss_q1.png>
Package pdftex.def Info: /Users/jeremyjchu/Documents/iSchool/R/Projects/covid_r
estaurants_rct/inputs/survey/scoping-survey/01_ss_q1.png  used on input line 78
7.
(pdftex.def)             Requested size: 328.83038pt x 123.25969pt.
</Users/jeremyjchu/Documents/iSchool/R/Projects/covid_restaurants_rct/inputs/su
rvey/scoping-survey/02_ss_q2.png, id=605, 847.165pt x 266.9975pt>
File: /Users/jeremyjchu/Documents/iSchool/R/Projects/covid_restaurants_rct/inpu
ts/survey/scoping-survey/02_ss_q2.png Graphic file (type png)
<use /Users/jeremyjchu/Documents/iSchool/R/Projects/covid_restaurants_rct/input
s/survey/scoping-survey/02_ss_q2.png>
Package pdftex.def Info: /Users/jeremyjchu/Documents/iSchool/R/Projects/covid_r
estaurants_rct/inputs/survey/scoping-survey/02_ss_q2.png  used on input line 79
6.
(pdftex.def)             Requested size: 328.82889pt x 103.63564pt.
</Users/jeremyjchu/Documents/iSchool/R/Projects/covid_restaurants_rct/inputs/su
rvey/scoping-survey/03_ss_q3.png, id=606, 725.71124pt x 341.275pt>
File: /Users/jeremyjchu/Documents/iSchool/R/Projects/covid_restaurants_rct/inpu
ts/survey/scoping-survey/03_ss_q3.png Graphic file (type png)
<use /Users/jeremyjchu/Documents/iSchool/R/Projects/covid_restaurants_rct/input
s/survey/scoping-survey/03_ss_q3.png>
Package pdftex.def Info: /Users/jeremyjchu/Documents/iSchool/R/Projects/covid_r
estaurants_rct/inputs/survey/scoping-survey/03_ss_q3.png  used on input line 80
5.
(pdftex.def)             Requested size: 328.82602pt x 154.63464pt.
</Users/jeremyjchu/Documents/iSchool/R/Projects/covid_restaurants_rct/inputs/su
rvey/scoping-survey/04_ss_q4.png, id=607, 689.57625pt x 213.79875pt>
File: /Users/jeremyjchu/Documents/iSchool/R/Projects/covid_restaurants_rct/inpu
ts/survey/scoping-survey/04_ss_q4.png Graphic file (type png)
<use /Users/jeremyjchu/Documents/iSchool/R/Projects/covid_restaurants_rct/input
s/survey/scoping-survey/04_ss_q4.png>
Package pdftex.def Info: /Users/jeremyjchu/Documents/iSchool/R/Projects/covid_r
estaurants_rct/inputs/survey/scoping-survey/04_ss_q4.png  used on input line 81
4.
(pdftex.def)             Requested size: 328.82529pt x 101.9502pt.
</Users/jeremyjchu/Documents/iSchool/R/Projects/covid_restaurants_rct/inputs/su
rvey/scoping-survey/05_ss_q5.png, id=608, 552.0625pt x 264.99pt>
File: /Users/jeremyjchu/Documents/iSchool/R/Projects/covid_restaurants_rct/inpu
ts/survey/scoping-survey/05_ss_q5.png Graphic file (type png)
<use /Users/jeremyjchu/Documents/iSchool/R/Projects/covid_restaurants_rct/input
s/survey/scoping-survey/05_ss_q5.png>
Package pdftex.def Info: /Users/jeremyjchu/Documents/iSchool/R/Projects/covid_r
estaurants_rct/inputs/survey/scoping-survey/05_ss_q5.png  used on input line 82
3.
(pdftex.def)             Requested size: 328.83926pt x 157.84285pt.
</Users/jeremyjchu/Documents/iSchool/R/Projects/covid_restaurants_rct/inputs/su
rvey/scoping-survey/06_ss_q6-1.png, id=609, 852.18375pt x 548.0475pt>
File: /Users/jeremyjchu/Documents/iSchool/R/Projects/covid_restaurants_rct/inpu
ts/survey/scoping-survey/06_ss_q6-1.png Graphic file (type png)
<use /Users/jeremyjchu/Documents/iSchool/R/Projects/covid_restaurants_rct/input
s/survey/scoping-survey/06_ss_q6-1.png>
Package pdftex.def Info: /Users/jeremyjchu/Documents/iSchool/R/Projects/covid_r
estaurants_rct/inputs/survey/scoping-survey/06_ss_q6-1.png  used on input line 
832.
(pdftex.def)             Requested size: 328.82643pt x 211.47142pt.
</Users/jeremyjchu/Documents/iSchool/R/Projects/covid_restaurants_rct/inputs/su
rvey/scoping-survey/07_ss_q6-2.png, id=610, 709.65125pt x 547.04375pt>
File: /Users/jeremyjchu/Documents/iSchool/R/Projects/covid_restaurants_rct/inpu
ts/survey/scoping-survey/07_ss_q6-2.png Graphic file (type png)
<use /Users/jeremyjchu/Documents/iSchool/R/Projects/covid_restaurants_rct/input
s/survey/scoping-survey/07_ss_q6-2.png>
Package pdftex.def Info: /Users/jeremyjchu/Documents/iSchool/R/Projects/covid_r
estaurants_rct/inputs/survey/scoping-survey/07_ss_q6-2.png  used on input line 
841.
(pdftex.def)             Requested size: 328.83661pt x 253.4879pt.
</Users/jeremyjchu/Documents/iSchool/R/Projects/covid_restaurants_rct/inputs/su
rvey/scoping-survey/08_ss_q7.png, id=611, 837.1275pt x 275.0275pt>
File: /Users/jeremyjchu/Documents/iSchool/R/Projects/covid_restaurants_rct/inpu
ts/survey/scoping-survey/08_ss_q7.png Graphic file (type png)
<use /Users/jeremyjchu/Documents/iSchool/R/Projects/covid_restaurants_rct/input
s/survey/scoping-survey/08_ss_q7.png>
Package pdftex.def Info: /Users/jeremyjchu/Documents/iSchool/R/Projects/covid_r
estaurants_rct/inputs/survey/scoping-survey/08_ss_q7.png  used on input line 85
0.
(pdftex.def)             Requested size: 328.81596pt x 108.02826pt.
</Users/jeremyjchu/Documents/iSchool/R/Projects/covid_restaurants_rct/inputs/su
rvey/scoping-survey/09_ss_q8.png, id=612, 794.97pt x 364.36125pt>
File: /Users/jeremyjchu/Documents/iSchool/R/Projects/covid_restaurants_rct/inpu
ts/survey/scoping-survey/09_ss_q8.png Graphic file (type png)
<use /Users/jeremyjchu/Documents/iSchool/R/Projects/covid_restaurants_rct/input
s/survey/scoping-survey/09_ss_q8.png>
Package pdftex.def Info: /Users/jeremyjchu/Documents/iSchool/R/Projects/covid_r
estaurants_rct/inputs/survey/scoping-survey/09_ss_q8.png  used on input line 85
9.
(pdftex.def)             Requested size: 328.83894pt x 150.71783pt.
</Users/jeremyjchu/Documents/iSchool/R/Projects/covid_restaurants_rct/inputs/su
rvey/scoping-survey/10_ss_end.png, id=613, 779.91376pt x 213.79875pt>
File: /Users/jeremyjchu/Documents/iSchool/R/Projects/covid_restaurants_rct/inpu
ts/survey/scoping-survey/10_ss_end.png Graphic file (type png)
<use /Users/jeremyjchu/Documents/iSchool/R/Projects/covid_restaurants_rct/input
s/survey/scoping-survey/10_ss_end.png>
Package pdftex.def Info: /Users/jeremyjchu/Documents/iSchool/R/Projects/covid_r
estaurants_rct/inputs/survey/scoping-survey/10_ss_end.png  used on input line 8
68.
(pdftex.def)             Requested size: 328.823pt x 90.14066pt.
</Users/jeremyjchu/Documents/iSchool/R/Projects/covid_restaurants_rct/inputs/su
rvey/intervention-survey/00_is_doc.png, id=614, 780.9175pt x 270.00874pt>
File: /Users/jeremyjchu/Documents/iSchool/R/Projects/covid_restaurants_rct/inpu
ts/survey/intervention-survey/00_is_doc.png Graphic file (type png)
<use /Users/jeremyjchu/Documents/iSchool/R/Projects/covid_restaurants_rct/input
s/survey/intervention-survey/00_is_doc.png>
Package pdftex.def Info: /Users/jeremyjchu/Documents/iSchool/R/Projects/covid_r
estaurants_rct/inputs/survey/intervention-survey/00_is_doc.png  used on input l
ine 877.
(pdftex.def)             Requested size: 328.82913pt x 113.6954pt.
</Users/jeremyjchu/Documents/iSchool/R/Projects/covid_restaurants_rct/inputs/su
rvey/intervention-survey/01_is_q1.png, id=615, 777.90625pt x 273.02pt>
File: /Users/jeremyjchu/Documents/iSchool/R/Projects/covid_restaurants_rct/inpu
ts/survey/intervention-survey/01_is_q1.png Graphic file (type png)
<use /Users/jeremyjchu/Documents/iSchool/R/Projects/covid_restaurants_rct/input
s/survey/intervention-survey/01_is_q1.png>
Package pdftex.def Info: /Users/jeremyjchu/Documents/iSchool/R/Projects/covid_r
estaurants_rct/inputs/survey/intervention-survey/01_is_q1.png  used on input li
ne 886.
(pdftex.def)             Requested size: 328.83124pt x 115.40915pt.
</Users/jeremyjchu/Documents/iSchool/R/Projects/covid_restaurants_rct/inputs/su
rvey/intervention-survey/02_is_q2.png, id=616, 785.93625pt x 254.9525pt>
File: /Users/jeremyjchu/Documents/iSchool/R/Projects/covid_restaurants_rct/inpu
ts/survey/intervention-survey/02_is_q2.png Graphic file (type png)
<use /Users/jeremyjchu/Documents/iSchool/R/Projects/covid_restaurants_rct/input
s/survey/intervention-survey/02_is_q2.png>
Package pdftex.def Info: /Users/jeremyjchu/Documents/iSchool/R/Projects/covid_r
estaurants_rct/inputs/survey/intervention-survey/02_is_q2.png  used on input li
ne 895.
(pdftex.def)             Requested size: 328.83177pt x 106.67082pt.
</Users/jeremyjchu/Documents/iSchool/R/Projects/covid_restaurants_rct/inputs/su
rvey/intervention-survey/03_is_q3.png, id=617, 794.97pt x 252.945pt>
File: /Users/jeremyjchu/Documents/iSchool/R/Projects/covid_restaurants_rct/inpu
ts/survey/intervention-survey/03_is_q3.png Graphic file (type png)
<use /Users/jeremyjchu/Documents/iSchool/R/Projects/covid_restaurants_rct/input
s/survey/intervention-survey/03_is_q3.png>
Package pdftex.def Info: /Users/jeremyjchu/Documents/iSchool/R/Projects/covid_r
estaurants_rct/inputs/survey/intervention-survey/03_is_q3.png  used on input li
ne 904.
(pdftex.def)             Requested size: 328.83894pt x 104.63057pt.
</Users/jeremyjchu/Documents/iSchool/R/Projects/covid_restaurants_rct/inputs/su
rvey/intervention-survey/04_is_q4.png, id=618, 812.03375pt x 310.15875pt>
File: /Users/jeremyjchu/Documents/iSchool/R/Projects/covid_restaurants_rct/inpu
ts/survey/intervention-survey/04_is_q4.png Graphic file (type png)
<use /Users/jeremyjchu/Documents/iSchool/R/Projects/covid_restaurants_rct/input
s/survey/intervention-survey/04_is_q4.png>
Package pdftex.def Info: /Users/jeremyjchu/Documents/iSchool/R/Projects/covid_r
estaurants_rct/inputs/survey/intervention-survey/04_is_q4.png  used on input li
ne 913.
(pdftex.def)             Requested size: 328.82231pt x 125.59467pt.
</Users/jeremyjchu/Documents/iSchool/R/Projects/covid_restaurants_rct/inputs/su
rvey/intervention-survey/05_is_q5.png, id=619, 791.95876pt x 307.1475pt>
File: /Users/jeremyjchu/Documents/iSchool/R/Projects/covid_restaurants_rct/inpu
ts/survey/intervention-survey/05_is_q5.png Graphic file (type png)
<use /Users/jeremyjchu/Documents/iSchool/R/Projects/covid_restaurants_rct/input
s/survey/intervention-survey/05_is_q5.png>
Package pdftex.def Info: /Users/jeremyjchu/Documents/iSchool/R/Projects/covid_r
estaurants_rct/inputs/survey/intervention-survey/05_is_q5.png  used on input li
ne 922.
(pdftex.def)             Requested size: 328.82594pt x 127.52945pt.
</Users/jeremyjchu/Documents/iSchool/R/Projects/covid_restaurants_rct/inputs/su
rvey/intervention-survey/06_is_q6.png, id=620, 757.83125pt x 275.0275pt>
File: /Users/jeremyjchu/Documents/iSchool/R/Projects/covid_restaurants_rct/inpu
ts/survey/intervention-survey/06_is_q6.png Graphic file (type png)
<use /Users/jeremyjchu/Documents/iSchool/R/Projects/covid_restaurants_rct/input
s/survey/intervention-survey/06_is_q6.png>
Package pdftex.def Info: /Users/jeremyjchu/Documents/iSchool/R/Projects/covid_r
estaurants_rct/inputs/survey/intervention-survey/06_is_q6.png  used on input li
ne 931.
(pdftex.def)             Requested size: 328.83292pt x 119.33803pt.
</Users/jeremyjchu/Documents/iSchool/R/Projects/covid_restaurants_rct/inputs/su
rvey/intervention-survey/07_is_end.png, id=621, 579.16376pt x 171.64125pt>
File: /Users/jeremyjchu/Documents/iSchool/R/Projects/covid_restaurants_rct/inpu
ts/survey/intervention-survey/07_is_end.png Graphic file (type png)
<use /Users/jeremyjchu/Documents/iSchool/R/Projects/covid_restaurants_rct/input
s/survey/intervention-survey/07_is_end.png>
Package pdftex.def Info: /Users/jeremyjchu/Documents/iSchool/R/Projects/covid_r
estaurants_rct/inputs/survey/intervention-survey/07_is_end.png  used on input l
ine 940.
(pdftex.def)             Requested size: 328.82768pt x 97.4515pt.
</Users/jeremyjchu/Documents/iSchool/R/Projects/covid_restaurants_rct/inputs/su
rvey/control-survey/00_cs_doc.png, id=622, 780.9175pt x 270.00874pt>
File: /Users/jeremyjchu/Documents/iSchool/R/Projects/covid_restaurants_rct/inpu
ts/survey/control-survey/00_cs_doc.png Graphic file (type png)
<use /Users/jeremyjchu/Documents/iSchool/R/Projects/covid_restaurants_rct/input
s/survey/control-survey/00_cs_doc.png>
Package pdftex.def Info: /Users/jeremyjchu/Documents/iSchool/R/Projects/covid_r
estaurants_rct/inputs/survey/control-survey/00_cs_doc.png  used on input line 9
49.
(pdftex.def)             Requested size: 328.82913pt x 113.6954pt.
</Users/jeremyjchu/Documents/iSchool/R/Projects/covid_restaurants_rct/inputs/su
rvey/control-survey/01_cs_q1.png, id=623, 777.90625pt x 273.02pt>
File: /Users/jeremyjchu/Documents/iSchool/R/Projects/covid_restaurants_rct/inpu
ts/survey/control-survey/01_cs_q1.png Graphic file (type png)
<use /Users/jeremyjchu/Documents/iSchool/R/Projects/covid_restaurants_rct/input
s/survey/control-survey/01_cs_q1.png>
Package pdftex.def Info: /Users/jeremyjchu/Documents/iSchool/R/Projects/covid_r
estaurants_rct/inputs/survey/control-survey/01_cs_q1.png  used on input line 95
8.
(pdftex.def)             Requested size: 328.83124pt x 115.40915pt.
</Users/jeremyjchu/Documents/iSchool/R/Projects/covid_restaurants_rct/inputs/su
rvey/control-survey/02_cs_q2.png, id=624, 787.94376pt x 255.95625pt>
File: /Users/jeremyjchu/Documents/iSchool/R/Projects/covid_restaurants_rct/inpu
ts/survey/control-survey/02_cs_q2.png Graphic file (type png)
<use /Users/jeremyjchu/Documents/iSchool/R/Projects/covid_restaurants_rct/input
s/survey/control-survey/02_cs_q2.png>
Package pdftex.def Info: /Users/jeremyjchu/Documents/iSchool/R/Projects/covid_r
estaurants_rct/inputs/survey/control-survey/02_cs_q2.png  used on input line 96
7.
(pdftex.def)             Requested size: 328.81807pt x 106.8135pt.
</Users/jeremyjchu/Documents/iSchool/R/Projects/covid_restaurants_rct/inputs/su
rvey/control-survey/03_cs_q3.png, id=625, 792.9625pt x 248.93pt>
File: /Users/jeremyjchu/Documents/iSchool/R/Projects/covid_restaurants_rct/inpu
ts/survey/control-survey/03_cs_q3.png Graphic file (type png)
<use /Users/jeremyjchu/Documents/iSchool/R/Projects/covid_restaurants_rct/input
s/survey/control-survey/03_cs_q3.png>
Package pdftex.def Info: /Users/jeremyjchu/Documents/iSchool/R/Projects/covid_r
estaurants_rct/inputs/survey/control-survey/03_cs_q3.png  used on input line 97
6.
(pdftex.def)             Requested size: 328.83131pt x 103.22804pt.
</Users/jeremyjchu/Documents/iSchool/R/Projects/covid_restaurants_rct/inputs/su
rvey/control-survey/04_cs_q4.png, id=626, 773.89125pt x 304.13625pt>
File: /Users/jeremyjchu/Documents/iSchool/R/Projects/covid_restaurants_rct/inpu
ts/survey/control-survey/04_cs_q4.png Graphic file (type png)
<use /Users/jeremyjchu/Documents/iSchool/R/Projects/covid_restaurants_rct/input
s/survey/control-survey/04_cs_q4.png>
Package pdftex.def Info: /Users/jeremyjchu/Documents/iSchool/R/Projects/covid_r
estaurants_rct/inputs/survey/control-survey/04_cs_q4.png  used on input line 98
5.
(pdftex.def)             Requested size: 328.82268pt x 129.22603pt.
</Users/jeremyjchu/Documents/iSchool/R/Projects/covid_restaurants_rct/inputs/su
rvey/control-survey/05_cs_q5.png, id=627, 763.85374pt x 305.14pt>
File: /Users/jeremyjchu/Documents/iSchool/R/Projects/covid_restaurants_rct/inpu
ts/survey/control-survey/05_cs_q5.png Graphic file (type png)
<use /Users/jeremyjchu/Documents/iSchool/R/Projects/covid_restaurants_rct/input
s/survey/control-survey/05_cs_q5.png>
Package pdftex.def Info: /Users/jeremyjchu/Documents/iSchool/R/Projects/covid_r
estaurants_rct/inputs/survey/control-survey/05_cs_q5.png  used on input line 99
4.
(pdftex.def)             Requested size: 328.82367pt x 131.35663pt.
</Users/jeremyjchu/Documents/iSchool/R/Projects/covid_restaurants_rct/inputs/su
rvey/control-survey/06_cs_end.png, id=628, 579.16376pt x 171.64125pt>
File: /Users/jeremyjchu/Documents/iSchool/R/Projects/covid_restaurants_rct/inpu
ts/survey/control-survey/06_cs_end.png Graphic file (type png)
<use /Users/jeremyjchu/Documents/iSchool/R/Projects/covid_restaurants_rct/input
s/survey/control-survey/06_cs_end.png>
Package pdftex.def Info: /Users/jeremyjchu/Documents/iSchool/R/Projects/covid_r
estaurants_rct/inputs/survey/control-survey/06_cs_end.png  used on input line 1
003.
(pdftex.def)             Requested size: 328.82768pt x 97.4515pt.
[28pdfTeX warning (ext4): destination with the same identifier (name{figure.12}
) has been already used, duplicate ignored
<argument> ...shipout:D \box_use:N \l_shipout_box 
                                                  
l.1010 \end{document}
                     pdfTeX warning (ext4): destination with the same identifie
r (name{figure.13}) has been already used, duplicate ignored
<argument> ...shipout:D \box_use:N \l_shipout_box 
                                                  
l.1010 \end{document}
                     pdfTeX warning (ext4): destination with the same identifie
r (name{figure.14}) has been already used, duplicate ignored
<argument> ...shipout:D \box_use:N \l_shipout_box 
                                                  
l.1010 \end{document}
                      </Users/jeremyjchu/Documents/iSchool/R/Projects/covid_res
taurants_rct/inputs/survey/scoping-survey/00_ss_declaration-of-consent.png> </U
sers/jeremyjchu/Documents/iSchool/R/Projects/covid_restaurants_rct/inputs/surve
y/scoping-survey/01_ss_q1.png> </Users/jeremyjchu/Documents/iSchool/R/Projects/
covid_restaurants_rct/inputs/survey/scoping-survey/02_ss_q2.png>] [29pdfTeX war
ning (ext4): destination with the same identifier (name{figure.15}) has been al
ready used, duplicate ignored
<argument> ...shipout:D \box_use:N \l_shipout_box 
                                                  
l.1010 \end{document}
                     pdfTeX warning (ext4): destination with the same identifie
r (name{figure.16}) has been already used, duplicate ignored
<argument> ...shipout:D \box_use:N \l_shipout_box 
                                                  
l.1010 \end{document}
                     pdfTeX warning (ext4): destination with the same identifie
r (name{figure.17}) has been already used, duplicate ignored
<argument> ...shipout:D \box_use:N \l_shipout_box 
                                                  
l.1010 \end{document}
                      </Users/jeremyjchu/Documents/iSchool/R/Projects/covid_res
taurants_rct/inputs/survey/scoping-survey/03_ss_q3.png> </Users/jeremyjchu/Docu
ments/iSchool/R/Projects/covid_restaurants_rct/inputs/survey/scoping-survey/04_
ss_q4.png> </Users/jeremyjchu/Documents/iSchool/R/Projects/covid_restaurants_rc
t/inputs/survey/scoping-survey/05_ss_q5.png>] [30pdfTeX warning (ext4): destina
tion with the same identifier (name{figure.18}) has been already used, duplicat
e ignored
<argument> ...shipout:D \box_use:N \l_shipout_box 
                                                  
l.1010 \end{document}
                     pdfTeX warning (ext4): destination with the same identifie
r (name{figure.19}) has been already used, duplicate ignored
<argument> ...shipout:D \box_use:N \l_shipout_box 
                                                  
l.1010 \end{document}
                      </Users/jeremyjchu/Documents/iSchool/R/Projects/covid_res
taurants_rct/inputs/survey/scoping-survey/06_ss_q6-1.png> </Users/jeremyjchu/Do
cuments/iSchool/R/Projects/covid_restaurants_rct/inputs/survey/scoping-survey/0
7_ss_q6-2.png>] [31pdfTeX warning (ext4): destination with the same identifier 
(name{figure.20}) has been already used, duplicate ignored
<argument> ...shipout:D \box_use:N \l_shipout_box 
                                                  
l.1010 \end{document}
                     pdfTeX warning (ext4): destination with the same identifie
r (name{figure.21}) has been already used, duplicate ignored
<argument> ...shipout:D \box_use:N \l_shipout_box 
                                                  
l.1010 \end{document}
                     pdfTeX warning (ext4): destination with the same identifie
r (name{figure.22}) has been already used, duplicate ignored
<argument> ...shipout:D \box_use:N \l_shipout_box 
                                                  
l.1010 \end{document}
                     pdfTeX warning (ext4): destination with the same identifie
r (name{figure.23}) has been already used, duplicate ignored
<argument> ...shipout:D \box_use:N \l_shipout_box 
                                                  
l.1010 \end{document}
                      </Users/jeremyjchu/Documents/iSchool/R/Projects/covid_res
taurants_rct/inputs/survey/scoping-survey/08_ss_q7.png> </Users/jeremyjchu/Docu
ments/iSchool/R/Projects/covid_restaurants_rct/inputs/survey/scoping-survey/09_
ss_q8.png> </Users/jeremyjchu/Documents/iSchool/R/Projects/covid_restaurants_rc
t/inputs/survey/scoping-survey/10_ss_end.png> </Users/jeremyjchu/Documents/iSch
ool/R/Projects/covid_restaurants_rct/inputs/survey/intervention-survey/00_is_do
c.png>] [32pdfTeX warning (ext4): destination with the same identifier (name{fi
gure.24}) has been already used, duplicate ignored
<argument> ...shipout:D \box_use:N \l_shipout_box 
                                                  
l.1010 \end{document}
                     pdfTeX warning (ext4): destination with the same identifie
r (name{figure.25}) has been already used, duplicate ignored
<argument> ...shipout:D \box_use:N \l_shipout_box 
                                                  
l.1010 \end{document}
                     pdfTeX warning (ext4): destination with the same identifie
r (name{figure.26}) has been already used, duplicate ignored
<argument> ...shipout:D \box_use:N \l_shipout_box 
                                                  
l.1010 \end{document}
                     pdfTeX warning (ext4): destination with the same identifie
r (name{figure.27}) has been already used, duplicate ignored
<argument> ...shipout:D \box_use:N \l_shipout_box 
                                                  
l.1010 \end{document}
                      </Users/jeremyjchu/Documents/iSchool/R/Projects/covid_res
taurants_rct/inputs/survey/intervention-survey/01_is_q1.png> </Users/jeremyjchu
/Documents/iSchool/R/Projects/covid_restaurants_rct/inputs/survey/intervention-
survey/02_is_q2.png> </Users/jeremyjchu/Documents/iSchool/R/Projects/covid_rest
aurants_rct/inputs/survey/intervention-survey/03_is_q3.png> </Users/jeremyjchu/
Documents/iSchool/R/Projects/covid_restaurants_rct/inputs/survey/intervention-s
urvey/04_is_q4.png>] [33pdfTeX warning (ext4): destination with the same identi
fier (name{figure.28}) has been already used, duplicate ignored
<argument> ...shipout:D \box_use:N \l_shipout_box 
                                                  
l.1010 \end{document}
                     pdfTeX warning (ext4): destination with the same identifie
r (name{figure.29}) has been already used, duplicate ignored
<argument> ...shipout:D \box_use:N \l_shipout_box 
                                                  
l.1010 \end{document}
                     pdfTeX warning (ext4): destination with the same identifie
r (name{figure.30}) has been already used, duplicate ignored
<argument> ...shipout:D \box_use:N \l_shipout_box 
                                                  
l.1010 \end{document}
                     pdfTeX warning (ext4): destination with the same identifie
r (name{figure.31}) has been already used, duplicate ignored
<argument> ...shipout:D \box_use:N \l_shipout_box 
                                                  
l.1010 \end{document}
                      </Users/jeremyjchu/Documents/iSchool/R/Projects/covid_res
taurants_rct/inputs/survey/intervention-survey/05_is_q5.png> </Users/jeremyjchu
/Documents/iSchool/R/Projects/covid_restaurants_rct/inputs/survey/intervention-
survey/06_is_q6.png> </Users/jeremyjchu/Documents/iSchool/R/Projects/covid_rest
aurants_rct/inputs/survey/intervention-survey/07_is_end.png> </Users/jeremyjchu
/Documents/iSchool/R/Projects/covid_restaurants_rct/inputs/survey/control-surve
y/00_cs_doc.png>] [34pdfTeX warning (ext4): destination with the same identifie
r (name{figure.32}) has been already used, duplicate ignored
<argument> ...shipout:D \box_use:N \l_shipout_box 
                                                  
l.1010 \end{document}
                     pdfTeX warning (ext4): destination with the same identifie
r (name{figure.33}) has been already used, duplicate ignored
<argument> ...shipout:D \box_use:N \l_shipout_box 
                                                  
l.1010 \end{document}
                     pdfTeX warning (ext4): destination with the same identifie
r (name{figure.34}) has been already used, duplicate ignored
<argument> ...shipout:D \box_use:N \l_shipout_box 
                                                  
l.1010 \end{document}
                     pdfTeX warning (ext4): destination with the same identifie
r (name{figure.35}) has been already used, duplicate ignored
<argument> ...shipout:D \box_use:N \l_shipout_box 
                                                  
l.1010 \end{document}
                      </Users/jeremyjchu/Documents/iSchool/R/Projects/covid_res
taurants_rct/inputs/survey/control-survey/01_cs_q1.png> </Users/jeremyjchu/Docu
ments/iSchool/R/Projects/covid_restaurants_rct/inputs/survey/control-survey/02_
cs_q2.png> </Users/jeremyjchu/Documents/iSchool/R/Projects/covid_restaurants_rc
t/inputs/survey/control-survey/03_cs_q3.png> </Users/jeremyjchu/Documents/iScho
ol/R/Projects/covid_restaurants_rct/inputs/survey/control-survey/04_cs_q4.png>]
[35pdfTeX warning (ext4): destination with the same identifier (name{figure.36}
) has been already used, duplicate ignored
<argument> ...shipout:D \box_use:N \l_shipout_box 
                                                  
l.1010 \end{document}
                     pdfTeX warning (ext4): destination with the same identifie
r (name{figure.37}) has been already used, duplicate ignored
<argument> ...shipout:D \box_use:N \l_shipout_box 
                                                  
l.1010 \end{document}
                      </Users/jeremyjchu/Documents/iSchool/R/Projects/covid_res
taurants_rct/inputs/survey/control-survey/05_cs_q5.png> </Users/jeremyjchu/Docu
ments/iSchool/R/Projects/covid_restaurants_rct/inputs/survey/control-survey/06_
cs_end.png>] (./covid-restaurants-rct.aux)
Package rerunfilecheck Info: File `covid-restaurants-rct.out' has not changed.
(rerunfilecheck)             Checksum: DDEEF9B7BA315A817C352F6283F30DF6;6560.
 ) 
Here is how much of TeX's memory you used:
 12463 strings out of 480971
 205405 string characters out of 5906691
 516611 words of memory out of 5000000
 29179 multiletter control sequences out of 15000+600000
 469025 words of font info for 75 fonts, out of 8000000 for 9000
 14 hyphenation exceptions out of 8191
 71i,14n,74p,2356b,382s stack positions out of 5000i,500n,10000p,200000b,80000s
{/Users/jeremyjchu/Library/TinyTeX/texmf-dist/fonts/enc/dvips/lm/lm-ec.enc}{/
Users/jeremyjchu/Library/TinyTeX/texmf-dist/fonts/enc/dvips/lm/lm-ts1.enc}</Use
rs/jeremyjchu/Library/TinyTeX/texmf-dist/fonts/type1/public/lm/lmbx10.pfb></Use
rs/jeremyjchu/Library/TinyTeX/texmf-dist/fonts/type1/public/lm/lmbx12.pfb></Use
rs/jeremyjchu/Library/TinyTeX/texmf-dist/fonts/type1/public/lm/lmr10.pfb></User
s/jeremyjchu/Library/TinyTeX/texmf-dist/fonts/type1/public/lm/lmr12.pfb></Users
/jeremyjchu/Library/TinyTeX/texmf-dist/fonts/type1/public/lm/lmr17.pfb></Users/
jeremyjchu/Library/TinyTeX/texmf-dist/fonts/type1/public/lm/lmr6.pfb></Users/je
remyjchu/Library/TinyTeX/texmf-dist/fonts/type1/public/lm/lmr8.pfb></Users/jere
myjchu/Library/TinyTeX/texmf-dist/fonts/type1/public/lm/lmr9.pfb></Users/jeremy
jchu/Library/TinyTeX/texmf-dist/fonts/type1/public/lm/lmri10.pfb></Users/jeremy
jchu/Library/TinyTeX/texmf-dist/fonts/type1/public/lm/lmtt10.pfb>
Output written on covid-restaurants-rct.pdf (35 pages, 1935940 bytes).
PDF statistics:
 799 PDF objects out of 1000 (max. 8388607)
 660 compressed objects within 7 object streams
 205 named destinations out of 1000 (max. 500000)
 450 words of extra memory for PDF output out of 10000 (max. 10000000)

